<?xml version="1.0" encoding="UTF-8"?>
<beans xmlns="http://www.springframework.org/schema/beans"
       xmlns:xsi="http://www.w3.org/2001/XMLSchema-instance"
       xmlns:context="http://www.springframework.org/schema/context"
       xmlns:mvc="http://www.springframework.org/schema/mvc"
       xmlns:util="http://www.springframework.org/schema/util"
       xsi:schemaLocation="
            http://www.springframework.org/schema/beans http://www.springframework.org/schema/beans/spring-beans-3.1.xsd
            http://www.springframework.org/schema/context http://www.springframework.org/schema/context/spring-context-3.1.xsd
            http://www.springframework.org/schema/mvc http://www.springframework.org/schema/mvc/spring-mvc-3.1.xsd
            http://www.springframework.org/schema/util http://www.springframework.org/schema/util/spring-util-3.1.xsd">

    
    <util:list id="log4jConfigFiles">
        <value>classpath:testlog4j.xml</value>
    </util:list>
    
    <import resource="classpath:test-context-service.xml"/>
    
    <bean id="customObjectMapper" class="us.polygon4.izzymongo.util.CustomObjectMapper"></bean>
    
    
    <mvc:annotation-driven>
      <mvc:message-converters>
          <bean class="org.springframework.http.converter.json.MappingJacksonHttpMessageConverter">
              <property name="objectMapper" ref="customObjectMapper"/>
          </bean>
      </mvc:message-converters>
   </mvc:annotation-driven>
   
   <context:component-scan base-package="us.polygon4.izzymongo.controller"/>
   
</beans>