<?xml version="1.0" encoding="UTF-8"?>
<beans xmlns="http://www.springframework.org/schema/beans"
xmlns:mongo="http://www.springframework.org/schema/data/mongo"
xmlns:util="http://www.springframework.org/schema/util"
xmlns:xsi="http://www.w3.org/2001/XMLSchema-instance"
xsi:schemaLocation="http://www.springframework.org/schema/beans http://www.springframework.org/schema/beans/spring-beans.xsd
http://www.springframework.org/schema/data/mongo http://www.springframework.org/schema/data/mongo/spring-mongo.xsd
http://www.springframework.org/schema/util http://www.springframework.org/schema/util/spring-util-3.0.xsd">

<!-- Sets up a Mongo DB instance. Configure host, port and credentials if needed. -->
<bean id="mongoFactoryBean" class="org.springframework.data.mongodb.core.MongoFactoryBean">
  <property name="host" ref="dbHost"/>
  <property name="port" ref="dbPort"/>
</bean>



</beans>